<?xml version="1.0" encoding="UTF-8"?>
<coverage generated="1647980228203" clover="3.2.0">
  <project timestamp="1647980228203" name="All files">
    <metrics statements="44" coveredstatements="40" conditionals="20" coveredconditionals="15" methods="11" coveredmethods="10" elements="75" coveredelements="65" complexity="0" loc="44" ncloc="44" packages="1" files="1" classes="1"/>
    <file name="temporal-priority-queue.ts" path="C:\Programming\temporal-priority-queue\src\temporal-priority-queue.ts">
      <metrics statements="44" coveredstatements="40" conditionals="20" coveredconditionals="15" methods="11" coveredmethods="10"/>
      <line num="11" count="1" type="stmt"/>
      <line num="12" count="3" type="stmt"/>
      <line num="15" count="3" type="stmt"/>
      <line num="22" count="3" type="stmt"/>
      <line num="24" count="12" type="stmt"/>
      <line num="33" count="9" type="stmt"/>
      <line num="34" count="9" type="stmt"/>
      <line num="40" count="9" type="stmt"/>
      <line num="43" count="9" type="stmt"/>
      <line num="44" count="9" type="stmt"/>
      <line num="47" count="9" type="stmt"/>
      <line num="54" count="3" type="stmt"/>
      <line num="55" count="3" type="stmt"/>
      <line num="56" count="3" type="stmt"/>
      <line num="65" count="8" type="cond" truecount="1" falsecount="1"/>
      <line num="66" count="0" type="stmt"/>
      <line num="67" count="8" type="cond" truecount="1" falsecount="0"/>
      <line num="68" count="2" type="stmt"/>
      <line num="69" count="2" type="stmt"/>
      <line num="73" count="6" type="stmt"/>
      <line num="75" count="6" type="stmt"/>
      <line num="78" count="6" type="stmt"/>
      <line num="81" count="6" type="stmt"/>
      <line num="82" count="6" type="stmt"/>
      <line num="83" count="9" type="stmt"/>
      <line num="84" count="9" type="stmt"/>
      <line num="87" count="9" type="cond" truecount="1" falsecount="1"/>
      <line num="98" count="0" type="stmt"/>
      <line num="99" count="0" type="stmt"/>
      <line num="100" count="9" type="cond" truecount="2" falsecount="0"/>
      <line num="107" count="3" type="stmt"/>
      <line num="108" count="3" type="stmt"/>
      <line num="111" count="6" type="stmt"/>
      <line num="114" count="6" type="stmt"/>
      <line num="121" count="0" type="cond" truecount="0" falsecount="2"/>
      <line num="128" count="9" type="stmt"/>
      <line num="138" count="11" type="stmt"/>
      <line num="140" count="11" type="cond" truecount="2" falsecount="0"/>
      <line num="147" count="9" type="stmt"/>
      <line num="154" count="9" type="stmt"/>
      <line num="161" count="12" type="stmt"/>
      <line num="168" count="6" type="stmt"/>
      <line num="169" count="6" type="stmt"/>
      <line num="170" count="6" type="stmt"/>
    </file>
  </project>
</coverage>
