<?xml version="1.0" encoding="UTF-8"?>
<coverage generated="1647909970444" clover="3.2.0">
  <project timestamp="1647909970444" name="All files">
    <metrics statements="44" coveredstatements="42" conditionals="20" coveredconditionals="17" methods="12" coveredmethods="11" elements="76" coveredelements="70" complexity="0" loc="44" ncloc="44" packages="1" files="1" classes="1"/>
    <file name="temporal-priority-queue.ts" path="C:\Programming\temporal-priority-queue\src\temporal-priority-queue.ts">
      <metrics statements="44" coveredstatements="42" conditionals="20" coveredconditionals="17" methods="12" coveredmethods="11"/>
      <line num="11" count="1" type="stmt"/>
      <line num="12" count="2" type="stmt"/>
      <line num="15" count="2" type="stmt"/>
      <line num="22" count="2" type="stmt"/>
      <line num="24" count="12" type="stmt"/>
      <line num="33" count="7" type="stmt"/>
      <line num="34" count="7" type="stmt"/>
      <line num="40" count="7" type="stmt"/>
      <line num="43" count="7" type="stmt"/>
      <line num="44" count="7" type="stmt"/>
      <line num="47" count="7" type="stmt"/>
      <line num="55" count="1" type="stmt"/>
      <line num="56" count="1" type="stmt"/>
      <line num="57" count="1" type="stmt"/>
      <line num="66" count="7" type="cond" truecount="1" falsecount="1"/>
      <line num="67" count="0" type="stmt"/>
      <line num="68" count="7" type="cond" truecount="1" falsecount="0"/>
      <line num="69" count="2" type="stmt"/>
      <line num="73" count="5" type="stmt"/>
      <line num="75" count="5" type="stmt"/>
      <line num="78" count="5" type="stmt"/>
      <line num="81" count="5" type="stmt"/>
      <line num="82" count="5" type="stmt"/>
      <line num="83" count="8" type="stmt"/>
      <line num="84" count="8" type="stmt"/>
      <line num="87" count="8" type="cond" truecount="2" falsecount="0"/>
      <line num="100" count="1" type="stmt"/>
      <line num="101" count="1" type="stmt"/>
      <line num="102" count="7" type="cond" truecount="2" falsecount="0"/>
      <line num="110" count="2" type="stmt"/>
      <line num="111" count="2" type="stmt"/>
      <line num="114" count="5" type="stmt"/>
      <line num="117" count="5" type="stmt"/>
      <line num="124" count="0" type="cond" truecount="0" falsecount="2"/>
      <line num="131" count="9" type="stmt"/>
      <line num="142" count="9" type="stmt"/>
      <line num="143" count="9" type="cond" truecount="2" falsecount="0"/>
      <line num="153" count="18" type="stmt"/>
      <line num="163" count="8" type="stmt"/>
      <line num="170" count="8" type="stmt"/>
      <line num="177" count="8" type="stmt"/>
      <line num="184" count="4" type="stmt"/>
      <line num="185" count="4" type="stmt"/>
      <line num="186" count="4" type="stmt"/>
    </file>
  </project>
</coverage>
