{"C:\\Programming\\temporal-priority-queue\\src\\temporal-priority-queue.ts": {"path":"C:\\Programming\\temporal-priority-queue\\src\\temporal-priority-queue.ts","statementMap":{"0":{"start":{"line":12,"column":12},"end":{"line":12,"column":46}},"1":{"start":{"line":15,"column":12},"end":{"line":15,"column":28}},"2":{"start":{"line":22,"column":8},"end":{"line":26,"column":null}},"3":{"start":{"line":24,"column":41},"end":{"line":24,"column":52}},"4":{"start":{"line":33,"column":20},"end":{"line":33,"column":53}},"5":{"start":{"line":34,"column":46},"end":{"line":39,"column":10}},"6":{"start":{"line":40,"column":8},"end":{"line":40,"column":32}},"7":{"start":{"line":43,"column":24},"end":{"line":43,"column":44}},"8":{"start":{"line":44,"column":30},"end":{"line":44,"column":60}},"9":{"start":{"line":47,"column":8},"end":{"line":58,"column":null}},"10":{"start":{"line":55,"column":12},"end":{"line":55,"column":55}},"11":{"start":{"line":56,"column":12},"end":{"line":56,"column":40}},"12":{"start":{"line":57,"column":12},"end":{"line":57,"column":67}},"13":{"start":{"line":66,"column":8},"end":{"line":70,"column":null}},"14":{"start":{"line":67,"column":12},"end":{"line":67,"column":26}},"15":{"start":{"line":68,"column":15},"end":{"line":70,"column":null}},"16":{"start":{"line":69,"column":12},"end":{"line":69,"column":42}},"17":{"start":{"line":73,"column":30},"end":{"line":73,"column":48}},"18":{"start":{"line":75,"column":20},"end":{"line":75,"column":53}},"19":{"start":{"line":78,"column":8},"end":{"line":78,"column":40}},"20":{"start":{"line":81,"column":24},"end":{"line":81,"column":25}},"21":{"start":{"line":82,"column":8},"end":{"line":116,"column":null}},"22":{"start":{"line":83,"column":35},"end":{"line":83,"column":68}},"23":{"start":{"line":84,"column":36},"end":{"line":84,"column":70}},"24":{"start":{"line":87,"column":12},"end":{"line":115,"column":null}},"25":{"start":{"line":100,"column":16},"end":{"line":100,"column":59}},"26":{"start":{"line":101,"column":16},"end":{"line":101,"column":44}},"27":{"start":{"line":102,"column":19},"end":{"line":115,"column":null}},"28":{"start":{"line":110,"column":16},"end":{"line":110,"column":58}},"29":{"start":{"line":111,"column":16},"end":{"line":111,"column":43}},"30":{"start":{"line":114,"column":16},"end":{"line":114,"column":22}},"31":{"start":{"line":117,"column":8},"end":{"line":117,"column":29}},"32":{"start":{"line":124,"column":8},"end":{"line":124,"column":66}},"33":{"start":{"line":131,"column":8},"end":{"line":131,"column":32}},"34":{"start":{"line":142,"column":21},"end":{"line":142,"column":86}},"35":{"start":{"line":143,"column":8},"end":{"line":143,"column":65}},"36":{"start":{"line":153,"column":8},"end":{"line":156,"column":10}},"37":{"start":{"line":163,"column":8},"end":{"line":163,"column":35}},"38":{"start":{"line":170,"column":8},"end":{"line":170,"column":31}},"39":{"start":{"line":177,"column":8},"end":{"line":177,"column":43}},"40":{"start":{"line":184,"column":20},"end":{"line":184,"column":37}},"41":{"start":{"line":185,"column":8},"end":{"line":185,"column":46}},"42":{"start":{"line":186,"column":8},"end":{"line":186,"column":32}},"43":{"start":{"line":11,"column":0},"end":{"line":11,"column":13}}},"fnMap":{"0":{"name":"(anonymous_0)","decl":{"start":{"line":20,"column":4},"end":{"line":20,"column":16}},"loc":{"start":{"line":20,"column":52},"end":{"line":27,"column":5}}},"1":{"name":"(anonymous_1)","decl":{"start":{"line":24,"column":35},"end":{"line":24,"column":38}},"loc":{"start":{"line":24,"column":41},"end":{"line":24,"column":52}}},"2":{"name":"(anonymous_2)","decl":{"start":{"line":32,"column":4},"end":{"line":32,"column":11}},"loc":{"start":{"line":32,"column":38},"end":{"line":59,"column":5}}},"3":{"name":"(anonymous_3)","decl":{"start":{"line":64,"column":4},"end":{"line":64,"column":11}},"loc":{"start":{"line":64,"column":11},"end":{"line":118,"column":5}}},"4":{"name":"(anonymous_4)","decl":{"start":{"line":123,"column":4},"end":{"line":123,"column":8}},"loc":{"start":{"line":123,"column":8},"end":{"line":125,"column":5}}},"5":{"name":"(anonymous_5)","decl":{"start":{"line":130,"column":4},"end":{"line":130,"column":8}},"loc":{"start":{"line":130,"column":8},"end":{"line":132,"column":5}}},"6":{"name":"(anonymous_6)","decl":{"start":{"line":137,"column":12},"end":{"line":137,"column":27}},"loc":{"start":{"line":140,"column":21},"end":{"line":144,"column":5}}},"7":{"name":"(anonymous_7)","decl":{"start":{"line":149,"column":12},"end":{"line":149,"column":28}},"loc":{"start":{"line":151,"column":21},"end":{"line":157,"column":5}}},"8":{"name":"(anonymous_8)","decl":{"start":{"line":162,"column":12},"end":{"line":162,"column":29}},"loc":{"start":{"line":162,"column":43},"end":{"line":164,"column":5}}},"9":{"name":"(anonymous_9)","decl":{"start":{"line":169,"column":12},"end":{"line":169,"column":30}},"loc":{"start":{"line":169,"column":44},"end":{"line":171,"column":5}}},"10":{"name":"(anonymous_10)","decl":{"start":{"line":176,"column":12},"end":{"line":176,"column":26}},"loc":{"start":{"line":176,"column":40},"end":{"line":178,"column":5}}},"11":{"name":"(anonymous_11)","decl":{"start":{"line":183,"column":12},"end":{"line":183,"column":21}},"loc":{"start":{"line":183,"column":52},"end":{"line":187,"column":5}}}},"branchMap":{"0":{"loc":{"start":{"line":25,"column":16},"end":{"line":25,"column":26}},"type":"binary-expr","locations":[{"start":{"line":25,"column":16},"end":{"line":25,"column":20}},{"start":{"line":25,"column":24},"end":{"line":25,"column":26}}]},"1":{"loc":{"start":{"line":48,"column":12},"end":{"line":53,"column":17}},"type":"binary-expr","locations":[{"start":{"line":48,"column":12},"end":{"line":48,"column":34}},{"start":{"line":49,"column":12},"end":{"line":53,"column":17}}]},"2":{"loc":{"start":{"line":66,"column":8},"end":{"line":70,"column":null}},"type":"if","locations":[{"start":{"line":66,"column":8},"end":{"line":70,"column":null}},{"start":{"line":68,"column":15},"end":{"line":70,"column":null}}]},"3":{"loc":{"start":{"line":68,"column":15},"end":{"line":70,"column":null}},"type":"if","locations":[{"start":{"line":68,"column":15},"end":{"line":70,"column":null}}]},"4":{"loc":{"start":{"line":87,"column":12},"end":{"line":115,"column":null}},"type":"if","locations":[{"start":{"line":87,"column":12},"end":{"line":115,"column":null}},{"start":{"line":102,"column":19},"end":{"line":115,"column":null}}]},"5":{"loc":{"start":{"line":88,"column":16},"end":{"line":98,"column":21}},"type":"binary-expr","locations":[{"start":{"line":88,"column":16},"end":{"line":88,"column":50}},{"start":{"line":89,"column":16},"end":{"line":93,"column":21}},{"start":{"line":94,"column":16},"end":{"line":98,"column":21}}]},"6":{"loc":{"start":{"line":102,"column":19},"end":{"line":115,"column":null}},"type":"if","locations":[{"start":{"line":102,"column":19},"end":{"line":115,"column":null}},{"start":{"line":112,"column":19},"end":{"line":115,"column":null}}]},"7":{"loc":{"start":{"line":103,"column":16},"end":{"line":108,"column":21}},"type":"binary-expr","locations":[{"start":{"line":103,"column":16},"end":{"line":103,"column":49}},{"start":{"line":104,"column":16},"end":{"line":108,"column":21}}]},"8":{"loc":{"start":{"line":124,"column":15},"end":{"line":124,"column":65}},"type":"cond-expr","locations":[{"start":{"line":124,"column":38},"end":{"line":124,"column":56}},{"start":{"line":124,"column":59},"end":{"line":124,"column":65}}]},"9":{"loc":{"start":{"line":143,"column":15},"end":{"line":143,"column":64}},"type":"cond-expr","locations":[{"start":{"line":143,"column":28},"end":{"line":143,"column":57}},{"start":{"line":143,"column":60},"end":{"line":143,"column":64}}]}},"s":{"0":2,"1":2,"2":2,"3":12,"4":7,"5":7,"6":7,"7":7,"8":7,"9":7,"10":1,"11":1,"12":1,"13":7,"14":0,"15":7,"16":2,"17":5,"18":5,"19":5,"20":5,"21":5,"22":8,"23":8,"24":8,"25":1,"26":1,"27":7,"28":2,"29":2,"30":5,"31":5,"32":0,"33":9,"34":9,"35":9,"36":18,"37":8,"38":8,"39":8,"40":4,"41":4,"42":4,"43":1},"f":{"0":2,"1":12,"2":7,"3":7,"4":0,"5":9,"6":9,"7":18,"8":8,"9":8,"10":8,"11":4},"b":{"0":[2,2],"1":[8,5],"2":[0,7],"3":[2],"4":[1,7],"5":[8,1,1],"6":[2,5],"7":[7,2],"8":[0,0],"9":[3,6]}}
}
