{"C:\\Programming\\temporal-priority-queue\\src\\temporal-priority-queue.ts": {"path":"C:\\Programming\\temporal-priority-queue\\src\\temporal-priority-queue.ts","statementMap":{"0":{"start":{"line":12,"column":12},"end":{"line":12,"column":46}},"1":{"start":{"line":15,"column":12},"end":{"line":15,"column":28}},"2":{"start":{"line":22,"column":8},"end":{"line":26,"column":null}},"3":{"start":{"line":24,"column":41},"end":{"line":24,"column":52}},"4":{"start":{"line":33,"column":20},"end":{"line":33,"column":53}},"5":{"start":{"line":34,"column":46},"end":{"line":39,"column":10}},"6":{"start":{"line":40,"column":8},"end":{"line":40,"column":32}},"7":{"start":{"line":43,"column":24},"end":{"line":43,"column":44}},"8":{"start":{"line":44,"column":30},"end":{"line":44,"column":60}},"9":{"start":{"line":47,"column":8},"end":{"line":57,"column":null}},"10":{"start":{"line":54,"column":12},"end":{"line":54,"column":55}},"11":{"start":{"line":55,"column":12},"end":{"line":55,"column":40}},"12":{"start":{"line":56,"column":12},"end":{"line":56,"column":67}},"13":{"start":{"line":65,"column":8},"end":{"line":70,"column":null}},"14":{"start":{"line":66,"column":12},"end":{"line":66,"column":26}},"15":{"start":{"line":67,"column":15},"end":{"line":70,"column":null}},"16":{"start":{"line":68,"column":12},"end":{"line":68,"column":33}},"17":{"start":{"line":69,"column":12},"end":{"line":69,"column":42}},"18":{"start":{"line":73,"column":30},"end":{"line":73,"column":48}},"19":{"start":{"line":75,"column":20},"end":{"line":75,"column":53}},"20":{"start":{"line":78,"column":8},"end":{"line":78,"column":40}},"21":{"start":{"line":81,"column":24},"end":{"line":81,"column":25}},"22":{"start":{"line":82,"column":8},"end":{"line":113,"column":null}},"23":{"start":{"line":83,"column":35},"end":{"line":83,"column":68}},"24":{"start":{"line":84,"column":36},"end":{"line":84,"column":70}},"25":{"start":{"line":87,"column":12},"end":{"line":112,"column":null}},"26":{"start":{"line":98,"column":16},"end":{"line":98,"column":59}},"27":{"start":{"line":99,"column":16},"end":{"line":99,"column":44}},"28":{"start":{"line":100,"column":19},"end":{"line":112,"column":null}},"29":{"start":{"line":107,"column":16},"end":{"line":107,"column":58}},"30":{"start":{"line":108,"column":16},"end":{"line":108,"column":43}},"31":{"start":{"line":111,"column":16},"end":{"line":111,"column":22}},"32":{"start":{"line":114,"column":8},"end":{"line":114,"column":29}},"33":{"start":{"line":121,"column":8},"end":{"line":121,"column":66}},"34":{"start":{"line":128,"column":8},"end":{"line":128,"column":32}},"35":{"start":{"line":138,"column":21},"end":{"line":138,"column":109}},"36":{"start":{"line":140,"column":8},"end":{"line":140,"column":65}},"37":{"start":{"line":147,"column":8},"end":{"line":147,"column":35}},"38":{"start":{"line":154,"column":8},"end":{"line":154,"column":31}},"39":{"start":{"line":161,"column":8},"end":{"line":161,"column":43}},"40":{"start":{"line":168,"column":20},"end":{"line":168,"column":37}},"41":{"start":{"line":169,"column":8},"end":{"line":169,"column":46}},"42":{"start":{"line":170,"column":8},"end":{"line":170,"column":32}},"43":{"start":{"line":11,"column":0},"end":{"line":11,"column":13}}},"fnMap":{"0":{"name":"(anonymous_0)","decl":{"start":{"line":20,"column":4},"end":{"line":20,"column":16}},"loc":{"start":{"line":20,"column":52},"end":{"line":27,"column":5}}},"1":{"name":"(anonymous_1)","decl":{"start":{"line":24,"column":35},"end":{"line":24,"column":38}},"loc":{"start":{"line":24,"column":41},"end":{"line":24,"column":52}}},"2":{"name":"(anonymous_2)","decl":{"start":{"line":32,"column":4},"end":{"line":32,"column":11}},"loc":{"start":{"line":32,"column":38},"end":{"line":58,"column":5}}},"3":{"name":"(anonymous_3)","decl":{"start":{"line":63,"column":4},"end":{"line":63,"column":11}},"loc":{"start":{"line":63,"column":11},"end":{"line":115,"column":5}}},"4":{"name":"(anonymous_4)","decl":{"start":{"line":120,"column":4},"end":{"line":120,"column":8}},"loc":{"start":{"line":120,"column":8},"end":{"line":122,"column":5}}},"5":{"name":"(anonymous_5)","decl":{"start":{"line":127,"column":4},"end":{"line":127,"column":8}},"loc":{"start":{"line":127,"column":8},"end":{"line":129,"column":5}}},"6":{"name":"(anonymous_6)","decl":{"start":{"line":134,"column":12},"end":{"line":134,"column":27}},"loc":{"start":{"line":136,"column":31},"end":{"line":141,"column":5}}},"7":{"name":"(anonymous_7)","decl":{"start":{"line":146,"column":12},"end":{"line":146,"column":29}},"loc":{"start":{"line":146,"column":43},"end":{"line":148,"column":5}}},"8":{"name":"(anonymous_8)","decl":{"start":{"line":153,"column":12},"end":{"line":153,"column":30}},"loc":{"start":{"line":153,"column":44},"end":{"line":155,"column":5}}},"9":{"name":"(anonymous_9)","decl":{"start":{"line":160,"column":12},"end":{"line":160,"column":26}},"loc":{"start":{"line":160,"column":40},"end":{"line":162,"column":5}}},"10":{"name":"(anonymous_10)","decl":{"start":{"line":167,"column":12},"end":{"line":167,"column":21}},"loc":{"start":{"line":167,"column":52},"end":{"line":171,"column":5}}}},"branchMap":{"0":{"loc":{"start":{"line":25,"column":16},"end":{"line":25,"column":26}},"type":"binary-expr","locations":[{"start":{"line":25,"column":16},"end":{"line":25,"column":20}},{"start":{"line":25,"column":24},"end":{"line":25,"column":26}}]},"1":{"loc":{"start":{"line":48,"column":12},"end":{"line":52,"column":17}},"type":"binary-expr","locations":[{"start":{"line":48,"column":12},"end":{"line":48,"column":34}},{"start":{"line":49,"column":12},"end":{"line":52,"column":17}}]},"2":{"loc":{"start":{"line":65,"column":8},"end":{"line":70,"column":null}},"type":"if","locations":[{"start":{"line":65,"column":8},"end":{"line":70,"column":null}},{"start":{"line":67,"column":15},"end":{"line":70,"column":null}}]},"3":{"loc":{"start":{"line":67,"column":15},"end":{"line":70,"column":null}},"type":"if","locations":[{"start":{"line":67,"column":15},"end":{"line":70,"column":null}}]},"4":{"loc":{"start":{"line":87,"column":12},"end":{"line":112,"column":null}},"type":"if","locations":[{"start":{"line":87,"column":12},"end":{"line":112,"column":null}},{"start":{"line":100,"column":19},"end":{"line":112,"column":null}}]},"5":{"loc":{"start":{"line":88,"column":16},"end":{"line":96,"column":21}},"type":"binary-expr","locations":[{"start":{"line":88,"column":16},"end":{"line":88,"column":50}},{"start":{"line":89,"column":16},"end":{"line":92,"column":21}},{"start":{"line":93,"column":16},"end":{"line":96,"column":21}}]},"6":{"loc":{"start":{"line":100,"column":19},"end":{"line":112,"column":null}},"type":"if","locations":[{"start":{"line":100,"column":19},"end":{"line":112,"column":null}},{"start":{"line":109,"column":19},"end":{"line":112,"column":null}}]},"7":{"loc":{"start":{"line":101,"column":16},"end":{"line":105,"column":21}},"type":"binary-expr","locations":[{"start":{"line":101,"column":16},"end":{"line":101,"column":49}},{"start":{"line":102,"column":16},"end":{"line":105,"column":21}}]},"8":{"loc":{"start":{"line":121,"column":15},"end":{"line":121,"column":65}},"type":"cond-expr","locations":[{"start":{"line":121,"column":38},"end":{"line":121,"column":56}},{"start":{"line":121,"column":59},"end":{"line":121,"column":65}}]},"9":{"loc":{"start":{"line":140,"column":15},"end":{"line":140,"column":64}},"type":"cond-expr","locations":[{"start":{"line":140,"column":28},"end":{"line":140,"column":57}},{"start":{"line":140,"column":60},"end":{"line":140,"column":64}}]}},"s":{"0":3,"1":3,"2":3,"3":12,"4":9,"5":9,"6":9,"7":9,"8":9,"9":9,"10":3,"11":3,"12":3,"13":8,"14":0,"15":8,"16":2,"17":2,"18":6,"19":6,"20":6,"21":6,"22":6,"23":9,"24":9,"25":9,"26":0,"27":0,"28":9,"29":3,"30":3,"31":6,"32":6,"33":0,"34":9,"35":11,"36":11,"37":9,"38":9,"39":12,"40":6,"41":6,"42":6,"43":1},"f":{"0":3,"1":12,"2":9,"3":8,"4":0,"5":9,"6":11,"7":9,"8":9,"9":12,"10":6},"b":{"0":[3,2],"1":[12,7],"2":[0,8],"3":[2],"4":[0,9],"5":[9,1,0],"6":[3,6],"7":[9,3],"8":[0,0],"9":[3,8]}}
}
