TN:
SF:src\temporal-priority-queue.ts
FN:20,(anonymous_0)
FN:24,(anonymous_1)
FN:32,(anonymous_2)
FN:64,(anonymous_3)
FN:123,(anonymous_4)
FN:130,(anonymous_5)
FN:137,(anonymous_6)
FN:149,(anonymous_7)
FN:162,(anonymous_8)
FN:169,(anonymous_9)
FN:176,(anonymous_10)
FN:183,(anonymous_11)
FNF:12
FNH:11
FNDA:2,(anonymous_0)
FNDA:12,(anonymous_1)
FNDA:7,(anonymous_2)
FNDA:7,(anonymous_3)
FNDA:0,(anonymous_4)
FNDA:9,(anonymous_5)
FNDA:9,(anonymous_6)
FNDA:18,(anonymous_7)
FNDA:8,(anonymous_8)
FNDA:8,(anonymous_9)
FNDA:8,(anonymous_10)
FNDA:4,(anonymous_11)
DA:11,1
DA:12,2
DA:15,2
DA:22,2
DA:24,12
DA:33,7
DA:34,7
DA:40,7
DA:43,7
DA:44,7
DA:47,7
DA:55,1
DA:56,1
DA:57,1
DA:66,7
DA:67,0
DA:68,7
DA:69,2
DA:73,5
DA:75,5
DA:78,5
DA:81,5
DA:82,5
DA:83,8
DA:84,8
DA:87,8
DA:100,1
DA:101,1
DA:102,7
DA:110,2
DA:111,2
DA:114,5
DA:117,5
DA:124,0
DA:131,9
DA:142,9
DA:143,9
DA:153,18
DA:163,8
DA:170,8
DA:177,8
DA:184,4
DA:185,4
DA:186,4
LF:44
LH:42
BRDA:25,0,0,2
BRDA:25,0,1,2
BRDA:48,1,0,8
BRDA:48,1,1,5
BRDA:66,2,0,0
BRDA:66,2,1,7
BRDA:68,3,0,2
BRDA:87,4,0,1
BRDA:87,4,1,7
BRDA:88,5,0,8
BRDA:88,5,1,1
BRDA:88,5,2,1
BRDA:102,6,0,2
BRDA:102,6,1,5
BRDA:103,7,0,7
BRDA:103,7,1,2
BRDA:124,8,0,0
BRDA:124,8,1,0
BRDA:143,9,0,3
BRDA:143,9,1,6
BRF:20
BRH:17
end_of_record
