TN:
SF:src\temporal-priority-queue.ts
FN:20,(anonymous_0)
FN:24,(anonymous_1)
FN:32,(anonymous_2)
FN:63,(anonymous_3)
FN:120,(anonymous_4)
FN:127,(anonymous_5)
FN:134,(anonymous_6)
FN:146,(anonymous_7)
FN:153,(anonymous_8)
FN:160,(anonymous_9)
FN:167,(anonymous_10)
FNF:11
FNH:10
FNDA:3,(anonymous_0)
FNDA:12,(anonymous_1)
FNDA:9,(anonymous_2)
FNDA:8,(anonymous_3)
FNDA:0,(anonymous_4)
FNDA:9,(anonymous_5)
FNDA:11,(anonymous_6)
FNDA:9,(anonymous_7)
FNDA:9,(anonymous_8)
FNDA:12,(anonymous_9)
FNDA:6,(anonymous_10)
DA:11,1
DA:12,3
DA:15,3
DA:22,3
DA:24,12
DA:33,9
DA:34,9
DA:40,9
DA:43,9
DA:44,9
DA:47,9
DA:54,3
DA:55,3
DA:56,3
DA:65,8
DA:66,0
DA:67,8
DA:68,2
DA:69,2
DA:73,6
DA:75,6
DA:78,6
DA:81,6
DA:82,6
DA:83,9
DA:84,9
DA:87,9
DA:98,0
DA:99,0
DA:100,9
DA:107,3
DA:108,3
DA:111,6
DA:114,6
DA:121,0
DA:128,9
DA:138,11
DA:140,11
DA:147,9
DA:154,9
DA:161,12
DA:168,6
DA:169,6
DA:170,6
LF:44
LH:40
BRDA:25,0,0,3
BRDA:25,0,1,2
BRDA:48,1,0,12
BRDA:48,1,1,7
BRDA:65,2,0,0
BRDA:65,2,1,8
BRDA:67,3,0,2
BRDA:87,4,0,0
BRDA:87,4,1,9
BRDA:88,5,0,9
BRDA:88,5,1,1
BRDA:88,5,2,0
BRDA:100,6,0,3
BRDA:100,6,1,6
BRDA:101,7,0,9
BRDA:101,7,1,3
BRDA:121,8,0,0
BRDA:121,8,1,0
BRDA:140,9,0,3
BRDA:140,9,1,8
BRF:20
BRH:15
end_of_record
